<?xml version="1.0" encoding="UTF-8"?>
<!-- Generated by org.testng.reporters.JUnitXMLReporter -->
<testsuite ignored="2" hostname="DESKTOP-OUB5DL7" failures="0" tests="2" name="Default test" time="1.259" errors="0" timestamp="2023-07-04T10:08:36 BDT">
  <testcase classname="tests.TerstSuite" name="LoginTest" time="0.02"/>
  <testcase classname="tests.TerstSuite" name="TestOne" time="0.004"/>
  <testcase classname="tests.BaseClass" name="@AfterSuite tearDown" time="0.0">
    <ignored/>
  </testcase> <!-- @AfterSuite tearDown -->
  <testcase classname="tests.BaseClass" name="@BeforeTest setUp" time="0.0">
    <ignored/>
  </testcase> <!-- @BeforeTest setUp -->
</testsuite> <!-- Default test -->
