<?xml version="1.0" encoding="UTF-8"?>
<!-- Generated by org.testng.reporters.JUnitXMLReporter -->
<testsuite ignored="1" hostname="DESKTOP-OUB5DL7" failures="1" tests="1" name="Test" time="253.476" errors="0" timestamp="2023-07-04T12:15:24 BDT">
  <testcase classname="tests.LoginTest" name="Test2" time="253.449">
    <failure type="java.lang.AssertionError" message="expected [Invalid credentials] but found []">
      <![CDATA[java.lang.AssertionError: expected [Invalid credentials] but found []
at tests.LoginTest.Test2(LoginTest.java:68)
at java.base/java.util.ArrayList.forEach(ArrayList.java:1511)
... Removed 31 stack frames]]>
    </failure>
  </testcase> <!-- Test2 -->
  <testcase classname="tests.LoginTest" name="Test1" time="0.0">
    <ignored/>
  </testcase> <!-- Test1 -->
</testsuite> <!-- Test -->
